# JRE version: Java(TM) SE Runtime Environment (11.0.2+9) (build 11.0.2+9-LTS)
# Java VM: Java HotSpot(TM) 64-Bit Server VM (11.0.2+9-LTS, mixed mode, tiered, compressed oops, g1 gc, windows-amd64)
Heap:
 garbage-first heap   total 118784K, used 18763K [0x00000000a1200000, 0x0000000100000000)
  region size 1024K, 13 young (13312K), 5 survivors (5120K)
 Metaspace       used 27730K, capacity 28747K, committed 28928K, reserved 1079296K
  class space    used 3412K, capacity 3810K, committed 3840K, reserved 1048576K
GC Heap History (10 events):
Event: 4.425 GC heap before
{Heap before GC invocations=4 (full 0):
 garbage-first heap   total 98304K, used 28175K [0x00000000a1200000, 0x0000000100000000)
  region size 1024K, 22 young (22528K), 1 survivors (1024K)
 Metaspace       used 19672K, capacity 20409K, committed 20608K, reserved 1067008K
  class space    used 2314K, capacity 2607K, committed 2688K, reserved 1048576K
}
Event: 4.433 GC heap after
{Heap after GC invocations=5 (full 0):
 garbage-first heap   total 98304K, used 8695K [0x00000000a1200000, 0x0000000100000000)
  region size 1024K, 2 young (2048K), 2 survivors (2048K)
 Metaspace       used 19672K, capacity 20409K, committed 20608K, reserved 1067008K
  class space    used 2314K, capacity 2607K, committed 2688K, reserved 1048576K
}
Event: 4.526 GC heap before
{Heap before GC invocations=5 (full 0):
 garbage-first heap   total 98304K, used 12791K [0x00000000a1200000, 0x0000000100000000)
  region size 1024K, 7 young (7168K), 2 survivors (2048K)
 Metaspace       used 20388K, capacity 21121K, committed 21248K, reserved 1067008K
  class space    used 2397K, capacity 2697K, committed 2816K, reserved 1048576K
}
Event: 4.534 GC heap after
{Heap after GC invocations=6 (full 0):
 garbage-first heap   total 118784K, used 8892K [0x00000000a1200000, 0x0000000100000000)
  region size 1024K, 2 young (2048K), 2 survivors (2048K)
 Metaspace       used 20388K, capacity 21121K, committed 21248K, reserved 1067008K
  class space    used 2397K, capacity 2697K, committed 2816K, reserved 1048576K
}
Event: 5.696 GC heap before
{Heap before GC invocations=7 (full 0):
 garbage-first heap   total 118784K, used 38588K [0x00000000a1200000, 0x0000000100000000)
  region size 1024K, 31 young (31744K), 2 survivors (2048K)
 Metaspace       used 24344K, capacity 25223K, committed 25344K, reserved 1071104K
  class space    used 2910K, capacity 3278K, committed 3328K, reserved 1048576K
}
Event: 5.708 GC heap after
{Heap after GC invocations=8 (full 0):
 garbage-first heap   total 118784K, used 9916K [0x00000000a1200000, 0x0000000100000000)
  region size 1024K, 3 young (3072K), 3 survivors (3072K)
 Metaspace       used 24344K, capacity 25223K, committed 25344K, reserved 1071104K
  class space    used 2910K, capacity 3278K, committed 3328K, reserved 1048576K
}
Event: 5.903 GC heap before
{Heap before GC invocations=8 (full 0):
 garbage-first heap   total 118784K, used 52924K [0x00000000a1200000, 0x0000000100000000)
  region size 1024K, 46 young (47104K), 3 survivors (3072K)
 Metaspace       used 24924K, capacity 25784K, committed 25856K, reserved 1071104K
  class space    used 2972K, capacity 3316K, committed 3328K, reserved 1048576K
}
Event: 5.914 GC heap after
{Heap after GC invocations=9 (full 0):
 garbage-first heap   total 118784K, used 10726K [0x00000000a1200000, 0x0000000100000000)
  region size 1024K, 4 young (4096K), 4 survivors (4096K)
 Metaspace       used 24924K, capacity 25784K, committed 25856K, reserved 1071104K
  class space    used 2972K, capacity 3316K, committed 3328K, reserved 1048576K
}
Event: 7.449 GC heap before
{Heap before GC invocations=9 (full 0):
 garbage-first heap   total 118784K, used 47590K [0x00000000a1200000, 0x0000000100000000)
  region size 1024K, 41 young (41984K), 4 survivors (4096K)
 Metaspace       used 27078K, capacity 28012K, committed 28032K, reserved 1079296K
  class space    used 3297K, capacity 3693K, committed 3712K, reserved 1048576K
}
Event: 7.464 GC heap after
{Heap after GC invocations=10 (full 0):
 garbage-first heap   total 118784K, used 11595K [0x00000000a1200000, 0x0000000100000000)
  region size 1024K, 5 young (5120K), 5 survivors (5120K)
 Metaspace       used 27078K, capacity 28012K, committed 28032K, reserved 1079296K
  class space    used 3297K, capacity 3693K, committed 3712K, reserved 1048576K
}

